restartedMain|2019-06-03 15:50:13.041[]|Application started with classpath: [file:/Users/jensenzz/Documents/receiverdemo/target/classes/]
restartedMain|2019-06-03 15:50:13.120[]|Loading source class org.springframework.cloud.bootstrap.BootstrapImportSelectorConfiguration
restartedMain|2019-06-03 15:50:13.185[]|Matching URLs for reloading : [file:/Users/jensenzz/Documents/receiverdemo/target/classes/]
restartedMain|2019-06-03 15:50:13.185[]|Included patterns for restart : []
restartedMain|2019-06-03 15:50:13.185[]|Excluded patterns for restart : [/spring-boot-actuator/target/classes/, /spring-boot-devtools/target/classes/, /spring-boot/target/classes/, /spring-boot-starter-[\w-]+/, /spring-boot-autoconfigure/target/classes/, /spring-boot-starter/target/classes/]
restartedMain|2019-06-03 15:50:13.185[]|Devtools property defaults active! Set 'spring.devtools.add-properties' to 'false' to disable
restartedMain|2019-06-03 15:50:13.185[]|Refreshing org.springframework.context.annotation.AnnotationConfigApplicationContext@47bb09e7
restartedMain|2019-06-03 15:50:13.197[]|Creating shared instance of singleton bean 'org.springframework.context.annotation.internalConfigurationAnnotationProcessor'
restartedMain|2019-06-03 15:50:13.208[]|Creating shared instance of singleton bean 'org.springframework.boot.autoconfigure.internalCachingMetadataReaderFactory'
restartedMain|2019-06-03 15:50:13.326[]|Creating shared instance of singleton bean 'org.springframework.boot.autoconfigure.condition.BeanTypeRegistry'
restartedMain|2019-06-03 15:50:13.407[]|Creating shared instance of singleton bean 'propertySourcesPlaceholderConfigurer'
restartedMain|2019-06-03 15:50:13.413[]|Creating shared instance of singleton bean 'org.springframework.context.event.internalEventListenerProcessor'
restartedMain|2019-06-03 15:50:13.414[]|Creating shared instance of singleton bean 'org.springframework.boot.context.properties.ConfigurationBeanFactoryMetadata'
restartedMain|2019-06-03 15:50:13.415[]|Creating shared instance of singleton bean 'org.springframework.context.event.internalEventListenerFactory'
restartedMain|2019-06-03 15:50:13.417[]|Creating shared instance of singleton bean 'org.springframework.context.annotation.internalAutowiredAnnotationProcessor'
restartedMain|2019-06-03 15:50:13.418[]|Creating shared instance of singleton bean 'org.springframework.context.annotation.internalCommonAnnotationProcessor'
restartedMain|2019-06-03 15:50:13.420[]|Creating shared instance of singleton bean 'org.springframework.boot.context.properties.ConfigurationPropertiesBindingPostProcessor'
restartedMain|2019-06-03 15:50:13.422[]|Creating shared instance of singleton bean 'configurationPropertiesBeans'
restartedMain|2019-06-03 15:50:13.423[]|Creating shared instance of singleton bean 'org.springframework.cloud.autoconfigure.ConfigurationPropertiesRebinderAutoConfiguration'
restartedMain|2019-06-03 15:50:13.428[]|Bean 'org.springframework.cloud.autoconfigure.ConfigurationPropertiesRebinderAutoConfiguration' of type [org.springframework.cloud.autoconfigure.ConfigurationPropertiesRebinderAutoConfiguration$$EnhancerBySpringCGLIB$$5dbfb92e] is not eligible for getting processed by all BeanPostProcessors (for example: not eligible for auto-proxying)
restartedMain|2019-06-03 15:50:13.442[]|Creating shared instance of singleton bean 'bootstrapImportSelectorConfiguration'
restartedMain|2019-06-03 15:50:13.444[]|Creating shared instance of singleton bean 'org.springframework.cloud.bootstrap.config.PropertySourceBootstrapConfiguration'
restartedMain|2019-06-03 15:50:13.452[]|Creating shared instance of singleton bean 'spring.cloud.config-org.springframework.cloud.bootstrap.config.PropertySourceBootstrapProperties'
restartedMain|2019-06-03 15:50:13.461[]|Creating shared instance of singleton bean 'org.springframework.cloud.bootstrap.encrypt.EncryptionBootstrapConfiguration'
restartedMain|2019-06-03 15:50:13.463[]|Creating shared instance of singleton bean 'encrypt-org.springframework.cloud.bootstrap.encrypt.KeyProperties'
restartedMain|2019-06-03 15:50:13.466[]|Creating shared instance of singleton bean 'environmentDecryptApplicationListener'
restartedMain|2019-06-03 15:50:13.470[]|Creating shared instance of singleton bean 'configurationPropertiesRebinder'
restartedMain|2019-06-03 15:50:13.472[]|Autowiring by type from bean name 'configurationPropertiesRebinder' via factory method to bean named 'configurationPropertiesBeans'
restartedMain|2019-06-03 15:50:13.478[]|Creating shared instance of singleton bean 'org.springframework.boot.autoconfigure.context.PropertyPlaceholderAutoConfiguration'
restartedMain|2019-06-03 15:50:13.491[]|


============================
CONDITIONS EVALUATION REPORT
============================


Positive matches:
-----------------

   ConfigurationPropertiesRebinderAutoConfiguration matched:
      - @ConditionalOnBean (types: org.springframework.boot.context.properties.ConfigurationPropertiesBindingPostProcessor; SearchStrategy: all) found bean 'org.springframework.boot.context.properties.ConfigurationPropertiesBindingPostProcessor' (OnBeanCondition)

   ConfigurationPropertiesRebinderAutoConfiguration#configurationPropertiesBeans matched:
      - @ConditionalOnMissingBean (types: org.springframework.cloud.context.properties.ConfigurationPropertiesBeans; SearchStrategy: current) did not find any beans (OnBeanCondition)

   ConfigurationPropertiesRebinderAutoConfiguration#configurationPropertiesRebinder matched:
      - @ConditionalOnMissingBean (types: org.springframework.cloud.context.properties.ConfigurationPropertiesRebinder; SearchStrategy: current) did not find any beans (OnBeanCondition)

   EncryptionBootstrapConfiguration matched:
      - @ConditionalOnClass found required class 'org.springframework.security.crypto.encrypt.TextEncryptor' (OnClassCondition)

   PropertyPlaceholderAutoConfiguration#propertySourcesPlaceholderConfigurer matched:
      - @ConditionalOnMissingBean (types: org.springframework.context.support.PropertySourcesPlaceholderConfigurer; SearchStrategy: current) did not find any beans (OnBeanCondition)


Negative matches:
-----------------

   ConsulDiscoveryClientConfigServiceBootstrapConfiguration:
      Did not match:
         - @ConditionalOnClass did not find required class 'org.springframework.cloud.config.client.ConfigServicePropertySourceLocator' (OnClassCondition)

   EncryptionBootstrapConfiguration.RsaEncryptionConfiguration:
      Did not match:
         - Keystore nor key found in Environment (EncryptionBootstrapConfiguration.KeyCondition)
      Matched:
         - @ConditionalOnClass found required class 'org.springframework.security.rsa.crypto.RsaSecretEncryptor' (OnClassCondition)

   EncryptionBootstrapConfiguration.VanillaEncryptionConfiguration:
      Did not match:
         - @ConditionalOnMissingClass found unwanted class 'org.springframework.security.rsa.crypto.RsaSecretEncryptor' (OnClassCondition)


Exclusions:
-----------

    None


Unconditional classes:
----------------------

    None



restartedMain|2019-06-03 15:50:13.492[]|Found key 'spring.liveBeansView.mbeanDomain' in PropertySource 'systemProperties' with value of type String
restartedMain|2019-06-03 15:50:13.496[]|Creating new Restarter for thread Thread[main,5,main]
restartedMain|2019-06-03 15:50:13.496[]|Immediately restarting application
restartedMain|2019-06-03 15:50:13.497[]|Created RestartClassLoader org.springframework.boot.devtools.restart.classloader.RestartClassLoader@41e8566a
restartedMain|2019-06-03 15:50:13.497[]|Starting application com.example.receiverdemo.ReceiverdemoApplication with URLs [file:/Users/jensenzz/Documents/receiverdemo/target/classes/]
restartedMain|2019-06-03 15:50:13.614[]|No active profile set, falling back to default profiles: default
restartedMain|2019-06-03 15:50:14.387[]|Endpoint ID 'service-registry' contains invalid characters, please migrate to a valid format.
restartedMain|2019-06-03 15:50:14.542[]|BeanFactory id=b5321f53-6b6d-3ee5-af17-24a43bf41acb
restartedMain|2019-06-03 15:50:14.622[]|Bean 'org.springframework.cloud.autoconfigure.ConfigurationPropertiesRebinderAutoConfiguration' of type [org.springframework.cloud.autoconfigure.ConfigurationPropertiesRebinderAutoConfiguration$$EnhancerBySpringCGLIB$$5dbfb92e] is not eligible for getting processed by all BeanPostProcessors (for example: not eligible for auto-proxying)
restartedMain|2019-06-03 15:50:15.048[]|Tomcat initialized with port(s): 10002 (http)
restartedMain|2019-06-03 15:50:15.060[]|Initializing ProtocolHandler ["http-nio-10002"]
restartedMain|2019-06-03 15:50:15.067[]|Starting service [Tomcat]
restartedMain|2019-06-03 15:50:15.067[]|Starting Servlet engine: [Apache Tomcat/9.0.19]
restartedMain|2019-06-03 15:50:15.141[]|Initializing Spring embedded WebApplicationContext
restartedMain|2019-06-03 15:50:15.141[]|Root WebApplicationContext: initialization completed in 1514 ms
restartedMain|2019-06-03 15:50:15.297[]|No URLs will be polled as dynamic configuration sources.
restartedMain|2019-06-03 15:50:15.297[]|To enable URLs as dynamic configuration sources, define System property archaius.configurationSource.additionalUrls or make config.properties available on classpath.
restartedMain|2019-06-03 15:50:15.307[]|DynamicPropertyFactory is initialized with configuration sources: com.netflix.config.ConcurrentCompositeConfiguration@4a36de79
restartedMain|2019-06-03 15:50:15.892[]|No URLs will be polled as dynamic configuration sources.
restartedMain|2019-06-03 15:50:15.892[]|To enable URLs as dynamic configuration sources, define System property archaius.configurationSource.additionalUrls or make config.properties available on classpath.
restartedMain|2019-06-03 15:50:16.016[]|Initializing ExecutorService 'applicationTaskExecutor'
restartedMain|2019-06-03 15:50:16.285[]|Unable to start LiveReload server
restartedMain|2019-06-03 15:50:16.292[]|Initializing ExecutorService 'catalogWatchTaskScheduler'
restartedMain|2019-06-03 15:50:16.342[]|This module is deprecated. It will be removed in the next major release. Please use spring-cloud-netflix-hystrix instead.
restartedMain|2019-06-03 15:50:16.347[]|Exposing 21 endpoint(s) beneath base path '/actuator'
restartedMain|2019-06-03 15:50:16.436[]|Starting ProtocolHandler ["http-nio-10002"]
restartedMain|2019-06-03 15:50:16.466[]|Tomcat started on port(s): 10002 (http) with context path ''
restartedMain|2019-06-03 15:50:16.475[]|Registering service with consul: NewService{id='receiver-1', name='receiver', tags=[secure=false], address='192.168.25.96', meta=null, port=10002, enableTagOverride=null, check=Check{script='null', interval='30s', ttl='null', http='http://192.168.25.96:10002/actuator/health', method='null', header={}, tcp='null', timeout='null', deregisterCriticalServiceAfter='null', tlsSkipVerify=null, status='null'}, checks=null}
restartedMain|2019-06-03 15:50:16.901[]|Started ReceiverdemoApplication in 4.284 seconds (JVM running for 5.083)
RMI TCP Connection(3)-192.168.25.96|2019-06-03 15:50:17.376[]|Initializing Spring DispatcherServlet 'dispatcherServlet'
RMI TCP Connection(3)-192.168.25.96|2019-06-03 15:50:17.376[]|Initializing Servlet 'dispatcherServlet'
RMI TCP Connection(3)-192.168.25.96|2019-06-03 15:50:17.382[]|Completed initialization in 6 ms
Thread-20|2019-06-03 15:58:21.290[]|Deregistering service with consul: receiver-1
Thread-20|2019-06-03 15:58:21.347[]|Shutting down ExecutorService 'catalogWatchTaskScheduler'
Thread-20|2019-06-03 15:58:21.352[]|Shutting down ExecutorService 'applicationTaskExecutor'
